{"level":"info","message":"Created exports directory at C:\\Users\\Bes\\Documents\\project\\attendance-export-service\\exports","module":"app","service":"attendance-export","timestamp":"2025-04-10 23:08:19"}
{"level":"info","message":"Connected to MongoDB","module":"app","service":"attendance-export","timestamp":"2025-04-10 23:08:19"}
{"level":"info","message":"Attendance Export Service running on port 4500","module":"app","service":"attendance-export","timestamp":"2025-04-10 23:08:19"}
{"level":"info","message":"Connected to MongoDB","module":"app","service":"attendance-export","timestamp":"2025-04-10 23:08:58"}
{"level":"info","message":"Attendance Export Service running on port 4500","module":"app","service":"attendance-export","timestamp":"2025-04-10 23:08:58"}
{"level":"info","message":"Connected to MongoDB","module":"app","service":"attendance-export","timestamp":"2025-04-10 23:13:54"}
{"level":"info","message":"Attendance Export Service running on port 4500","module":"app","service":"attendance-export","timestamp":"2025-04-10 23:13:54"}
{"level":"info","message":"Export job 11bc3ecd-4915-4f42-909e-9edc784c3ca6 completed successfully","module":"export-service","service":"attendance-export","timestamp":"2025-04-10 23:16:42"}
{"level":"error","message":"Error downloading export: path must be absolute or specify root to res.sendFile","module":"export-routes","service":"attendance-export","stack":"TypeError: path must be absolute or specify root to res.sendFile\n    at ServerResponse.sendFile (C:\\Users\\Bes\\Documents\\project\\attendance-export-service\\node_modules\\express\\lib\\response.js:441:11)\n    at C:\\Users\\Bes\\Documents\\project\\attendance-export-service\\routes\\exportRoutes.js:129:9\n    at process.processTicksAndRejections (node:internal/process/task_queues:95:5)","timestamp":"2025-04-10 23:18:10"}
{"level":"info","message":"Connected to MongoDB","module":"app","service":"attendance-export","timestamp":"2025-04-10 23:20:18"}
{"level":"info","message":"Attendance Export Service running on port 4500","module":"app","service":"attendance-export","timestamp":"2025-04-10 23:20:18"}
{"level":"info","message":"Connected to MongoDB","module":"app","service":"attendance-export","timestamp":"2025-04-10 23:20:20"}
{"level":"info","message":"Attendance Export Service running on port 4500","module":"app","service":"attendance-export","timestamp":"2025-04-10 23:20:20"}
{"level":"info","message":"Connected to MongoDB","module":"app","service":"attendance-export","timestamp":"2025-04-10 23:20:38"}
{"level":"info","message":"Attendance Export Service running on port 4500","module":"app","service":"attendance-export","timestamp":"2025-04-10 23:20:38"}
{"level":"info","message":"Connected to MongoDB","module":"app","service":"attendance-export","timestamp":"2025-04-10 23:20:43"}
{"level":"info","message":"Attendance Export Service running on port 4500","module":"app","service":"attendance-export","timestamp":"2025-04-10 23:20:43"}
{"level":"info","message":"Export job b191745a-8ad8-431c-8e9a-9ff9b6a11bc2 completed successfully","module":"export-service","service":"attendance-export","timestamp":"2025-04-10 23:21:17"}
{"level":"info","message":"Connected to MongoDB","module":"app","service":"attendance-export","timestamp":"2025-04-10 23:22:12"}
{"level":"info","message":"Attendance Export Service running on port 4500","module":"app","service":"attendance-export","timestamp":"2025-04-10 23:22:12"}
{"level":"info","message":"Connected to MongoDB","module":"app","service":"attendance-export","timestamp":"2025-04-10 23:22:24"}
{"level":"info","message":"Attendance Export Service running on port 4500","module":"app","service":"attendance-export","timestamp":"2025-04-10 23:22:24"}
{"level":"info","message":"Connected to MongoDB","module":"app","service":"attendance-export","timestamp":"2025-04-10 23:22:34"}
{"level":"info","message":"Attendance Export Service running on port 4500","module":"app","service":"attendance-export","timestamp":"2025-04-10 23:22:34"}
{"level":"info","message":"Connected to MongoDB","module":"app","service":"attendance-export","timestamp":"2025-04-10 23:22:50"}
{"level":"info","message":"Attendance Export Service running on port 4500","module":"app","service":"attendance-export","timestamp":"2025-04-10 23:22:50"}
{"level":"info","message":"Export job 7829bc49-536c-4d7f-9c34-e1ddf75baf44 completed successfully","module":"export-service","service":"attendance-export","timestamp":"2025-04-10 23:23:13"}
{"level":"info","message":"Connected to MongoDB","module":"app","service":"attendance-export","timestamp":"2025-04-10 23:24:46"}
{"level":"info","message":"Attendance Export Service running on port 4500","module":"app","service":"attendance-export","timestamp":"2025-04-10 23:24:46"}
{"level":"info","message":"Connected to MongoDB","module":"app","service":"attendance-export","timestamp":"2025-04-10 23:24:51"}
{"level":"info","message":"Attendance Export Service running on port 4500","module":"app","service":"attendance-export","timestamp":"2025-04-10 23:24:51"}
{"level":"info","message":"Export job 14f692d2-87a2-4a45-a964-a3e4d0b6e927 completed successfully","module":"export-service","service":"attendance-export","timestamp":"2025-04-10 23:26:48"}
{"level":"info","message":"Connected to MongoDB","module":"sync-script","service":"attendance-export","timestamp":"2025-04-10 23:28:21"}
{"level":"info","message":"Starting incremental sync","module":"sync-script","service":"attendance-export","timestamp":"2025-04-10 23:28:21"}
{"level":"info","message":"Starting incremental sync. Last sync: Thu Jan 01 1970 01:00:00 GMT+0100 (Greenwich Mean Time)","module":"sync-service","service":"attendance-export","timestamp":"2025-04-10 23:28:21"}
{"level":"error","message":"Sync failed: Converting circular structure to JSON\n    --> starting at object with constructor 'ClientRequest'\n    |     property 'res' -> object with constructor 'IncomingMessage'\n    --- property 'req' closes the circle","module":"sync-script","service":"attendance-export","stack":"TypeError: Converting circular structure to JSON\n    --> starting at object with constructor 'ClientRequest'\n    |     property 'res' -> object with constructor 'IncomingMessage'\n    --- property 'req' closes the circle\n    at JSON.stringify (<anonymous>)\n    at Printf.template (C:\\Users\\Bes\\Documents\\project\\attendance-export-service\\utils\\logger.js:33:29)\n    at Printf.transform (C:\\Users\\Bes\\Documents\\project\\attendance-export-service\\node_modules\\logform\\printf.js:11:26)\n    at Format.transform (C:\\Users\\Bes\\Documents\\project\\attendance-export-service\\node_modules\\logform\\combine.js:20:24)\n    at Console._write (C:\\Users\\Bes\\Documents\\project\\attendance-export-service\\node_modules\\winston-transport\\modern.js:91:33)\n    at doWrite (C:\\Users\\Bes\\Documents\\project\\attendance-export-service\\node_modules\\readable-stream\\lib\\_stream_writable.js:390:139)\n    at writeOrBuffer (C:\\Users\\Bes\\Documents\\project\\attendance-export-service\\node_modules\\readable-stream\\lib\\_stream_writable.js:381:5)\n    at Writable.write (C:\\Users\\Bes\\Documents\\project\\attendance-export-service\\node_modules\\readable-stream\\lib\\_stream_writable.js:302:11)\n    at DerivedLogger.ondata (C:\\Users\\Bes\\Documents\\project\\attendance-export-service\\node_modules\\readable-stream\\lib\\_stream_readable.js:629:20)\n    at DerivedLogger.emit (node:events:531:35)","timestamp":"2025-04-10 23:28:21"}
{"level":"info","message":"Disconnected from MongoDB","module":"sync-script","service":"attendance-export","timestamp":"2025-04-10 23:28:21"}
{"level":"info","message":"Connected to MongoDB","module":"app","service":"attendance-export","timestamp":"2025-04-10 23:29:36"}
{"level":"info","message":"Attendance Export Service running on port 4500","module":"app","service":"attendance-export","timestamp":"2025-04-10 23:29:36"}
{"level":"info","message":"Connected to MongoDB","module":"app","service":"attendance-export","timestamp":"2025-04-10 23:35:05"}
{"level":"info","message":"Attendance Export Service running on port 4500","module":"app","service":"attendance-export","timestamp":"2025-04-10 23:35:05"}
{"level":"info","message":"Connected to MongoDB","module":"sync-script","service":"attendance-export","timestamp":"2025-04-10 23:35:21"}
{"level":"info","message":"Starting full sync of attendance data","module":"sync-service","service":"attendance-export","timestamp":"2025-04-10 23:35:21"}
{"level":"info","message":"Starting full sync","module":"sync-script","service":"attendance-export","timestamp":"2025-04-10 23:35:21"}
{"level":"info","message":"Requesting data from http://localhost:4000/v1/internal/attendance/all","module":"sync-service","service":"attendance-export","timestamp":"2025-04-10 23:35:21"}
{"code":"ERR_BAD_REQUEST","data":"<!DOCTYPE html>\n<html lang=\"en\">\n<head>\n<meta charset=\"utf-8\">\n<title>Error</title>\n</head>\n<body>\n<pre>Cannot GET /v1/internal/attendance/all</pre>\n</body>\n</html>\n","level":"error","message":"Request failed with status code 404","method":"get","module":"sync-service","service":"attendance-export","status":404,"statusText":"Not Found","timestamp":"2025-04-10 23:35:21","url":"/internal/attendance/all"}
{"level":"error","message":"Sync failed: Full sync failed: Request failed with status code 404","module":"sync-script","service":"attendance-export","stack":"Error: Full sync failed: Request failed with status code 404\n    at SyncService.fullSync (C:\\Users\\Bes\\Documents\\project\\attendance-export-service\\services\\syncService.js:122:13)\n    at process.processTicksAndRejections (node:internal/process/task_queues:95:5)\n    at async C:\\Users\\Bes\\Documents\\project\\attendance-export-service\\scripts\\runSync.js:20:24","timestamp":"2025-04-10 23:35:21"}
{"level":"info","message":"Disconnected from MongoDB","module":"sync-script","service":"attendance-export","timestamp":"2025-04-10 23:35:21"}
{"level":"info","message":"Connected to MongoDB","module":"sync-script","service":"attendance-export","timestamp":"2025-04-10 23:38:03"}
{"level":"info","message":"Starting full sync of attendance data","module":"sync-service","service":"attendance-export","timestamp":"2025-04-10 23:38:03"}
{"level":"info","message":"Starting full sync","module":"sync-script","service":"attendance-export","timestamp":"2025-04-10 23:38:03"}
{"level":"info","message":"Requesting data from http://localhost:4000/v1/internal/attendance/all","module":"sync-service","service":"attendance-export","timestamp":"2025-04-10 23:38:03"}
{"level":"info","message":"Received 20 records from main system","module":"sync-service","service":"attendance-export","timestamp":"2025-04-10 23:38:03"}
{"0":"{","1":"\"","10":"2","100":"d","101":"e","102":"n","103":"t","104":"N","105":"a","106":"m","107":"e","108":"\"","109":":","11":"2","110":"\"","111":"J","112":"o","113":"h","114":"n","115":" ","116":"D","117":"o","118":"e","119":"\"","12":"8","120":",","121":"\"","122":"s","123":"t","124":"u","125":"d","126":"e","127":"n","128":"t","129":"N","13":"e","130":"u","131":"m","132":"b","133":"e","134":"r","135":"\"","136":":","137":"\"","138":"S","139":"T","14":"d","140":"U","141":"0","142":"0","143":"1","144":"\"","145":",","146":"\"","147":"r","148":"e","149":"g","15":"-","150":"i","151":"s","152":"t","153":"e","154":"r","155":"I","156":"d","157":"\"","158":":","159":"\"","16":"f","160":"9","161":"8","162":"8","163":"b","164":"7","165":"6","166":"d","167":"0","168":"-","169":"b","17":"7","170":"a","171":"3","172":"a","173":"-","174":"4","175":"a","176":"6","177":"f","178":"-","179":"b","18":"0","180":"6","181":"a","182":"b","183":"-","184":"e","185":"8","186":"6","187":"7","188":"e","189":"f","19":"5","190":"f","191":"4","192":"7","193":"4","194":"c","195":"9","196":"\"","197":",","198":"\"","199":"c","2":"i","20":"-","200":"l","201":"a","202":"s","203":"s","204":"N","205":"a","206":"m","207":"e","208":"\"","209":":","21":"4","210":"\"","211":"B","212":"e","213":"s","214":"a","215":"r","216":" ","217":"1","218":"\"","219":",","22":"b","220":"\"","221":"d","222":"a","223":"t","224":"e","225":"\"","226":":","227":"\"","228":"2","229":"0","23":"5","230":"2","231":"5","232":"-","233":"0","234":"4","235":"-","236":"1","237":"0","238":"\"","239":",","24":"9","240":"\"","241":"s","242":"t","243":"a","244":"r","245":"t","246":"T","247":"i","248":"m","249":"e","25":"-","250":"\"","251":":","252":"\"","253":"0","254":"9","255":":","256":"0","257":"0","258":":","259":"0","26":"a","260":"0","261":"\"","262":",","263":"\"","264":"e","265":"n","266":"d","267":"T","268":"i","269":"m","27":"8","270":"e","271":"\"","272":":","273":"\"","274":"1","275":"0","276":":","277":"0","278":"0","279":":","28":"a","280":"0","281":"0","282":"\"","283":",","284":"\"","285":"s","286":"t","287":"a","288":"t","289":"u","29":"c","290":"s","291":"\"","292":":","293":"\"","294":"a","295":"b","296":"s","297":"e","298":"n","299":"t","3":"d","30":"-","300":"\"","301":",","302":"\"","303":"c","304":"h","305":"e","306":"c","307":"k","308":"I","309":"n","31":"d","310":"T","311":"i","312":"m","313":"e","314":"\"","315":":","316":"n","317":"u","318":"l","319":"l","32":"2","320":"}","33":"9","34":"7","35":"6","36":"d","37":"2","38":"8","39":"1","4":"\"","40":"b","41":"b","42":"0","43":"\"","44":",","45":"\"","46":"s","47":"t","48":"u","49":"d","5":":","50":"e","51":"n","52":"t","53":"I","54":"d","55":"\"","56":":","57":"\"","58":"4","59":"c","6":"\"","60":"7","61":"c","62":"c","63":"d","64":"a","65":"7","66":"-","67":"6","68":"8","69":"0","7":"4","70":"7","71":"-","72":"4","73":"4","74":"6","75":"b","76":"-","77":"a","78":"5","79":"e","8":"a","80":"e","81":"-","82":"8","83":"3","84":"1","85":"a","86":"e","87":"4","88":"c","89":"8","9":"b","90":"c","91":"2","92":"a","93":"3","94":"\"","95":",","96":"\"","97":"s","98":"t","99":"u","level":"info","message":"Sample record:","module":"sync-service","service":"attendance-export","timestamp":"2025-04-10 23:38:03"}
{"level":"info","message":"Processing batch 1 of 1","module":"sync-service","service":"attendance-export","timestamp":"2025-04-10 23:38:03"}
{"level":"info","message":"Batch processed. Upserted: 20, Modified: 0","module":"sync-service","service":"attendance-export","timestamp":"2025-04-10 23:38:03"}
{"level":"info","message":"Full sync completed. Processed 20 records.","module":"sync-service","service":"attendance-export","timestamp":"2025-04-10 23:38:03"}
{"endTime":"2025-04-10T22:38:03.104Z","level":"info","message":"Full sync completed","module":"sync-script","recordsProcessed":20,"service":"attendance-export","startTime":"2025-04-10T22:38:03.031Z","syncType":"full","timestamp":"2025-04-10 23:38:03"}
{"level":"info","message":"Disconnected from MongoDB","module":"sync-script","service":"attendance-export","timestamp":"2025-04-10 23:38:03"}
{"level":"info","message":"Export job ac132f9a-2a36-4e59-b9df-4d20ce2446bb completed successfully","module":"export-service","service":"attendance-export","timestamp":"2025-04-10 23:38:22"}
{"level":"info","message":"Connected to MongoDB","module":"app","service":"attendance-export","timestamp":"2025-04-10 23:39:57"}
{"level":"info","message":"Attendance Export Service running on port 4500","module":"app","service":"attendance-export","timestamp":"2025-04-10 23:39:57"}
{"level":"info","message":"Connected to MongoDB","module":"app","service":"attendance-export","timestamp":"2025-04-10 23:40:15"}
{"level":"info","message":"Attendance Export Service running on port 4500","module":"app","service":"attendance-export","timestamp":"2025-04-10 23:40:15"}
{"level":"info","message":"Connected to MongoDB","module":"app","service":"attendance-export","timestamp":"2025-04-10 23:40:17"}
{"level":"info","message":"Attendance Export Service running on port 4500","module":"app","service":"attendance-export","timestamp":"2025-04-10 23:40:17"}
{"level":"info","message":"Connected to MongoDB","module":"check-students","service":"attendance-export","timestamp":"2025-04-10 23:40:29"}
{"level":"info","message":"Found 5 unique student IDs in database:","module":"check-students","service":"attendance-export","timestamp":"2025-04-10 23:40:29"}
{"level":"info","message":"[\n  \"2daf9448-d7ff-49d4-a233-1c6c12c1963e\",\n  \"35b3288e-500b-4297-9283-bf26318d5aef\",\n  \"4c7ccda7-6807-446b-a5ee-831ae4c8c2a3\",\n  \"9d28aec8-e6ab-4f34-a525-d1e088adc0a0\",\n  \"d1588a42-e07d-4b78-afa2-dd2cdff33b80\"\n]","module":"check-students","service":"attendance-export","timestamp":"2025-04-10 23:40:29"}
{"level":"info","message":"Sample record for student 2daf9448-d7ff-49d4-a233-1c6c12c1963e:","module":"check-students","service":"attendance-export","timestamp":"2025-04-10 23:40:29"}
{"level":"info","message":"{\n  \"_id\": \"67f8484bb49c52c39a16c3b2\",\n  \"originalId\": \"2bf64fdb-3029-44b1-9937-a09405724809\",\n  \"__v\": 0,\n  \"checkInTime\": \"2025-04-10T22:10:49.106Z\",\n  \"className\": \"Yllka 1\",\n  \"createdAt\": \"2025-04-10T22:38:03.090Z\",\n  \"date\": \"2025-04-10T00:00:00.000Z\",\n  \"endTime\": \"10:00:00\",\n  \"lastSyncedAt\": \"2025-04-10T22:38:03.090Z\",\n  \"registerId\": \"914dad75-dcd2-451f-a0c4-8e19c3933c21\",\n  \"startTime\": \"09:00:00\",\n  \"status\": \"late\",\n  \"studentId\": \"2daf9448-d7ff-49d4-a233-1c6c12c1963e\",\n  \"studentName\": \"Emily Brown\",\n  \"studentNumber\": \"STU004\",\n  \"syncSource\": \"main-app\",\n  \"updatedAt\": \"2025-04-10T22:38:03.090Z\"\n}","module":"check-students","service":"attendance-export","timestamp":"2025-04-10 23:40:29"}
{"level":"info","message":"Sample record for student 35b3288e-500b-4297-9283-bf26318d5aef:","module":"check-students","service":"attendance-export","timestamp":"2025-04-10 23:40:29"}
{"level":"info","message":"{\n  \"_id\": \"67f8484bb49c52c39a16c3b1\",\n  \"originalId\": \"fc098526-833f-4027-9952-5a4c2169ac55\",\n  \"__v\": 0,\n  \"checkInTime\": \"2025-04-10T22:10:44.931Z\",\n  \"className\": \"Yllka 1\",\n  \"createdAt\": \"2025-04-10T22:38:03.090Z\",\n  \"date\": \"2025-04-10T00:00:00.000Z\",\n  \"endTime\": \"10:00:00\",\n  \"lastSyncedAt\": \"2025-04-10T22:38:03.090Z\",\n  \"registerId\": \"914dad75-dcd2-451f-a0c4-8e19c3933c21\",\n  \"startTime\": \"09:00:00\",\n  \"status\": \"late\",\n  \"studentId\": \"35b3288e-500b-4297-9283-bf26318d5aef\",\n  \"studentName\": \"David Wilson\",\n  \"studentNumber\": \"STU005\",\n  \"syncSource\": \"main-app\",\n  \"updatedAt\": \"2025-04-10T22:38:03.090Z\"\n}","module":"check-students","service":"attendance-export","timestamp":"2025-04-10 23:40:29"}
{"level":"info","message":"Sample record for student 4c7ccda7-6807-446b-a5ee-831ae4c8c2a3:","module":"check-students","service":"attendance-export","timestamp":"2025-04-10 23:40:29"}
{"level":"info","message":"{\n  \"_id\": \"67f8484bb49c52c39a16c3ae\",\n  \"originalId\": \"4ab228ed-f705-4b59-a8ac-d2976d281bb0\",\n  \"__v\": 0,\n  \"checkInTime\": null,\n  \"className\": \"Besar 1\",\n  \"createdAt\": \"2025-04-10T22:38:03.090Z\",\n  \"date\": \"2025-04-10T00:00:00.000Z\",\n  \"endTime\": \"10:00:00\",\n  \"lastSyncedAt\": \"2025-04-10T22:38:03.089Z\",\n  \"registerId\": \"988b76d0-ba3a-4a6f-b6ab-e867eff474c9\",\n  \"startTime\": \"09:00:00\",\n  \"status\": \"absent\",\n  \"studentId\": \"4c7ccda7-6807-446b-a5ee-831ae4c8c2a3\",\n  \"studentName\": \"John Doe\",\n  \"studentNumber\": \"STU001\",\n  \"syncSource\": \"main-app\",\n  \"updatedAt\": \"2025-04-10T22:38:03.090Z\"\n}","module":"check-students","service":"attendance-export","timestamp":"2025-04-10 23:40:29"}
{"level":"info","message":"Sample record for student 9d28aec8-e6ab-4f34-a525-d1e088adc0a0:","module":"check-students","service":"attendance-export","timestamp":"2025-04-10 23:40:29"}
{"level":"info","message":"{\n  \"_id\": \"67f8484bb49c52c39a16c3b3\",\n  \"originalId\": \"69b93ec8-efdd-4ad3-b0d2-fe775686c840\",\n  \"__v\": 0,\n  \"checkInTime\": \"2025-04-10T22:10:51.059Z\",\n  \"className\": \"Yllka 1\",\n  \"createdAt\": \"2025-04-10T22:38:03.090Z\",\n  \"date\": \"2025-04-10T00:00:00.000Z\",\n  \"endTime\": \"10:00:00\",\n  \"lastSyncedAt\": \"2025-04-10T22:38:03.090Z\",\n  \"registerId\": \"914dad75-dcd2-451f-a0c4-8e19c3933c21\",\n  \"startTime\": \"09:00:00\",\n  \"status\": \"late\",\n  \"studentId\": \"9d28aec8-e6ab-4f34-a525-d1e088adc0a0\",\n  \"studentName\": \"Michael Johnson\",\n  \"studentNumber\": \"STU003\",\n  \"syncSource\": \"main-app\",\n  \"updatedAt\": \"2025-04-10T22:38:03.090Z\"\n}","module":"check-students","service":"attendance-export","timestamp":"2025-04-10 23:40:29"}
{"level":"info","message":"Sample record for student d1588a42-e07d-4b78-afa2-dd2cdff33b80:","module":"check-students","service":"attendance-export","timestamp":"2025-04-10 23:40:29"}
{"level":"info","message":"{\n  \"_id\": \"67f8484bb49c52c39a16c3b4\",\n  \"originalId\": \"47adf313-0797-4c3d-841f-6c9ed5e04e6c\",\n  \"__v\": 0,\n  \"checkInTime\": \"2025-04-10T22:10:53.646Z\",\n  \"className\": \"Yllka 1\",\n  \"createdAt\": \"2025-04-10T22:38:03.090Z\",\n  \"date\": \"2025-04-10T00:00:00.000Z\",\n  \"endTime\": \"10:00:00\",\n  \"lastSyncedAt\": \"2025-04-10T22:38:03.090Z\",\n  \"registerId\": \"914dad75-dcd2-451f-a0c4-8e19c3933c21\",\n  \"startTime\": \"09:00:00\",\n  \"status\": \"late\",\n  \"studentId\": \"d1588a42-e07d-4b78-afa2-dd2cdff33b80\",\n  \"studentName\": \"Jane Smith\",\n  \"studentNumber\": \"STU002\",\n  \"syncSource\": \"main-app\",\n  \"updatedAt\": \"2025-04-10T22:38:03.090Z\"\n}","module":"check-students","service":"attendance-export","timestamp":"2025-04-10 23:40:29"}
{"level":"info","message":"Total attendance records: 20","module":"check-students","service":"attendance-export","timestamp":"2025-04-10 23:40:29"}
{"level":"info","message":"Disconnected from MongoDB","module":"check-students","service":"attendance-export","timestamp":"2025-04-10 23:40:29"}
{"level":"info","message":"Fetching attendance for student: 2daf9448-d7ff-49d4-a233-1c6c12c1963e, startDate: Wed Apr 09 2025 01:00:00 GMT+0100 (British Summer Time), endDate: Fri Apr 11 2025 01:00:00 GMT+0100 (British Summer Time)","module":"export-service","service":"attendance-export","timestamp":"2025-04-10 23:41:00"}
{"level":"info","message":"Filtering by studentId: 2daf9448-d7ff-49d4-a233-1c6c12c1963e","module":"export-service","service":"attendance-export","timestamp":"2025-04-10 23:41:00"}
{"level":"info","message":"Start date filter: Wed Apr 09 2025 01:00:00 GMT+0100 (British Summer Time)","module":"export-service","service":"attendance-export","timestamp":"2025-04-10 23:41:00"}
{"level":"info","message":"End date filter: Fri Apr 11 2025 01:00:00 GMT+0100 (British Summer Time)","module":"export-service","service":"attendance-export","timestamp":"2025-04-10 23:41:00"}
{"level":"info","message":"MongoDB query: {\"studentId\":\"2daf9448-d7ff-49d4-a233-1c6c12c1963e\",\"date\":{\"$gte\":\"2025-04-09T00:00:00.000Z\",\"$lte\":\"2025-04-11T00:00:00.000Z\"}}","module":"export-service","service":"attendance-export","timestamp":"2025-04-10 23:41:00"}
{"level":"info","message":"Found 4 records matching query","module":"export-service","service":"attendance-export","timestamp":"2025-04-10 23:41:00"}
{"level":"info","message":"Retrieved 4 attendance records","module":"export-service","service":"attendance-export","timestamp":"2025-04-10 23:41:00"}
{"level":"info","message":"First record: {\"_id\":\"67f8484bb49c52c39a16c3b2\",\"originalId\":\"2bf64fdb-3029-44b1-9937-a09405724809\",\"__v\":0,\"checkInTime\":\"2025-04-10T22:10:49.106Z\",\"className\":\"Yllka 1\",\"createdAt\":\"2025-04-10T22:38:03.090Z\",\"date\":\"2025-04-10T00:00:00.000Z\",\"endTime\":\"10:00:00\",\"lastSyncedAt\":\"2025-04-10T22:38:03.090Z\",\"registerId\":\"914dad75-dcd2-451f-a0c4-8e19c3933c21\",\"startTime\":\"09:00:00\",\"status\":\"late\",\"studentId\":\"2daf9448-d7ff-49d4-a233-1c6c12c1963e\",\"studentName\":\"Emily Brown\",\"studentNumber\":\"STU004\",\"syncSource\":\"main-app\",\"updatedAt\":\"2025-04-10T22:38:03.090Z\"}","module":"export-service","service":"attendance-export","timestamp":"2025-04-10 23:41:00"}
{"level":"info","message":"Export job a4c6b8eb-9da4-4f57-8ca9-ff7eea128642 completed successfully","module":"export-service","service":"attendance-export","timestamp":"2025-04-10 23:41:00"}
{"level":"info","message":"Connected to MongoDB","module":"app","service":"attendance-export","timestamp":"2025-04-11 09:32:23"}
{"level":"info","message":"Attendance Export Service running on port 4500","module":"app","service":"attendance-export","timestamp":"2025-04-11 09:32:23"}
{"level":"info","message":"Fetching attendance for student: 4c7ccda7-6807-446b-a5ee-831ae4c8c2a3, startDate: Fri Apr 11 2025 01:00:00 GMT+0100 (British Summer Time), endDate: Sat Apr 12 2025 01:00:00 GMT+0100 (British Summer Time)","module":"export-service","service":"attendance-export","timestamp":"2025-04-11 09:34:10"}
{"level":"info","message":"Filtering by studentId: 4c7ccda7-6807-446b-a5ee-831ae4c8c2a3","module":"export-service","service":"attendance-export","timestamp":"2025-04-11 09:34:10"}
{"level":"info","message":"Start date filter: Fri Apr 11 2025 01:00:00 GMT+0100 (British Summer Time)","module":"export-service","service":"attendance-export","timestamp":"2025-04-11 09:34:10"}
{"level":"info","message":"End date filter: Sat Apr 12 2025 01:00:00 GMT+0100 (British Summer Time)","module":"export-service","service":"attendance-export","timestamp":"2025-04-11 09:34:10"}
{"level":"info","message":"MongoDB query: {\"studentId\":\"4c7ccda7-6807-446b-a5ee-831ae4c8c2a3\",\"date\":{\"$gte\":\"2025-04-11T00:00:00.000Z\",\"$lte\":\"2025-04-12T00:00:00.000Z\"}}","module":"export-service","service":"attendance-export","timestamp":"2025-04-11 09:34:10"}
{"level":"info","message":"Found 0 records matching query","module":"export-service","service":"attendance-export","timestamp":"2025-04-11 09:34:10"}
{"level":"info","message":"No records found with exact studentId: 4c7ccda7-6807-446b-a5ee-831ae4c8c2a3. Checking all records...","module":"export-service","service":"attendance-export","timestamp":"2025-04-11 09:34:10"}
{"level":"info","message":"Available studentIds in database: [\"2daf9448-d7ff-49d4-a233-1c6c12c1963e\",\"35b3288e-500b-4297-9283-bf26318d5aef\",\"4c7ccda7-6807-446b-a5ee-831ae4c8c2a3\",\"9d28aec8-e6ab-4f34-a525-d1e088adc0a0\",\"d1588a42-e07d-4b78-afa2-dd2cdff33b80\"]","module":"export-service","service":"attendance-export","timestamp":"2025-04-11 09:34:10"}
{"level":"info","message":"Using fallback studentId: 2daf9448-d7ff-49d4-a233-1c6c12c1963e","module":"export-service","service":"attendance-export","timestamp":"2025-04-11 09:34:10"}
{"level":"info","message":"Sample record: {\"_id\":\"67f8484bb49c52c39a16c3b2\",\"originalId\":\"2bf64fdb-3029-44b1-9937-a09405724809\",\"__v\":0,\"checkInTime\":\"2025-04-10T22:10:49.106Z\",\"className\":\"Yllka 1\",\"createdAt\":\"2025-04-10T22:38:03.090Z\",\"date\":\"2025-04-10T00:00:00.000Z\",\"endTime\":\"10:00:00\",\"lastSyncedAt\":\"2025-04-10T22:38:03.090Z\",\"registerId\":\"914dad75-dcd2-451f-a0c4-8e19c3933c21\",\"startTime\":\"09:00:00\",\"status\":\"late\",\"studentId\":\"2daf9448-d7ff-49d4-a233-1c6c12c1963e\",\"studentName\":\"Emily Brown\",\"studentNumber\":\"STU004\",\"syncSource\":\"main-app\",\"updatedAt\":\"2025-04-10T22:38:03.090Z\"}","module":"export-service","service":"attendance-export","timestamp":"2025-04-11 09:34:10"}
{"level":"info","message":"Retrieved 0 attendance records","module":"export-service","service":"attendance-export","timestamp":"2025-04-11 09:34:10"}
{"level":"info","message":"Export job 53229e3d-fc1d-472d-b555-5bde332d5ed2 completed successfully","module":"export-service","service":"attendance-export","timestamp":"2025-04-11 09:34:10"}
{"level":"info","message":"Connected to MongoDB","module":"app","service":"attendance-export","timestamp":"2025-04-11 09:53:14"}
{"level":"info","message":"Attendance Export Service running on port 4500","module":"app","service":"attendance-export","timestamp":"2025-04-11 09:53:14"}
{"level":"info","message":"Fetching attendance for student: 35b3288e-500b-4297-9283-bf26318d5aef, startDate: Fri Apr 11 2025 01:00:00 GMT+0100 (British Summer Time), endDate: Fri Apr 11 2025 01:00:00 GMT+0100 (British Summer Time)","module":"export-service","service":"attendance-export","timestamp":"2025-04-11 09:53:48"}
{"level":"info","message":"Filtering by studentId: 35b3288e-500b-4297-9283-bf26318d5aef","module":"export-service","service":"attendance-export","timestamp":"2025-04-11 09:53:48"}
{"level":"info","message":"Start date filter: Fri Apr 11 2025 01:00:00 GMT+0100 (British Summer Time)","module":"export-service","service":"attendance-export","timestamp":"2025-04-11 09:53:48"}
{"level":"info","message":"End date filter: Fri Apr 11 2025 01:00:00 GMT+0100 (British Summer Time)","module":"export-service","service":"attendance-export","timestamp":"2025-04-11 09:53:48"}
{"level":"info","message":"MongoDB query: {\"studentId\":\"35b3288e-500b-4297-9283-bf26318d5aef\",\"date\":{\"$gte\":\"2025-04-11T00:00:00.000Z\",\"$lte\":\"2025-04-11T00:00:00.000Z\"}}","module":"export-service","service":"attendance-export","timestamp":"2025-04-11 09:53:48"}
{"level":"info","message":"Found 0 records matching query","module":"export-service","service":"attendance-export","timestamp":"2025-04-11 09:53:48"}
{"level":"info","message":"No records found with exact studentId: 35b3288e-500b-4297-9283-bf26318d5aef. Checking all records...","module":"export-service","service":"attendance-export","timestamp":"2025-04-11 09:53:48"}
{"level":"info","message":"Available studentIds in database: [\"2daf9448-d7ff-49d4-a233-1c6c12c1963e\",\"35b3288e-500b-4297-9283-bf26318d5aef\",\"4c7ccda7-6807-446b-a5ee-831ae4c8c2a3\",\"9d28aec8-e6ab-4f34-a525-d1e088adc0a0\",\"d1588a42-e07d-4b78-afa2-dd2cdff33b80\"]","module":"export-service","service":"attendance-export","timestamp":"2025-04-11 09:53:48"}
{"level":"info","message":"Using fallback studentId: 2daf9448-d7ff-49d4-a233-1c6c12c1963e","module":"export-service","service":"attendance-export","timestamp":"2025-04-11 09:53:48"}
{"level":"info","message":"Sample record: {\"_id\":\"67f8484bb49c52c39a16c3b2\",\"originalId\":\"2bf64fdb-3029-44b1-9937-a09405724809\",\"__v\":0,\"checkInTime\":\"2025-04-10T22:10:49.106Z\",\"className\":\"Yllka 1\",\"createdAt\":\"2025-04-10T22:38:03.090Z\",\"date\":\"2025-04-10T00:00:00.000Z\",\"endTime\":\"10:00:00\",\"lastSyncedAt\":\"2025-04-10T22:38:03.090Z\",\"registerId\":\"914dad75-dcd2-451f-a0c4-8e19c3933c21\",\"startTime\":\"09:00:00\",\"status\":\"late\",\"studentId\":\"2daf9448-d7ff-49d4-a233-1c6c12c1963e\",\"studentName\":\"Emily Brown\",\"studentNumber\":\"STU004\",\"syncSource\":\"main-app\",\"updatedAt\":\"2025-04-10T22:38:03.090Z\"}","module":"export-service","service":"attendance-export","timestamp":"2025-04-11 09:53:48"}
{"level":"info","message":"Retrieved 0 attendance records","module":"export-service","service":"attendance-export","timestamp":"2025-04-11 09:53:48"}
{"level":"info","message":"Export job 81833830-29db-449b-9539-7640e7e661ef completed successfully","module":"export-service","service":"attendance-export","timestamp":"2025-04-11 09:53:48"}
{"level":"info","message":"Connected to MongoDB","module":"app","service":"attendance-export","timestamp":"2025-04-11 09:54:41"}
{"level":"info","message":"Attendance Export Service running on port 4500","module":"app","service":"attendance-export","timestamp":"2025-04-11 09:54:41"}
{"level":"info","message":"Connected to MongoDB","module":"app","service":"attendance-export","timestamp":"2025-04-11 09:55:56"}
{"level":"info","message":"Attendance Export Service running on port 4500","module":"app","service":"attendance-export","timestamp":"2025-04-11 09:55:56"}
{"level":"info","message":"Connected to MongoDB","module":"app","service":"attendance-export","timestamp":"2025-04-11 09:56:00"}
{"level":"info","message":"Attendance Export Service running on port 4500","module":"app","service":"attendance-export","timestamp":"2025-04-11 09:56:00"}
{"level":"info","message":"Connected to MongoDB","module":"app","service":"attendance-export","timestamp":"2025-04-11 09:56:06"}
{"level":"info","message":"Attendance Export Service running on port 4500","module":"app","service":"attendance-export","timestamp":"2025-04-11 09:56:06"}
{"level":"info","message":"Connected to MongoDB","module":"app","service":"attendance-export","timestamp":"2025-04-11 09:59:03"}
{"level":"info","message":"Attendance Export Service running on port 4500","module":"app","service":"attendance-export","timestamp":"2025-04-11 09:59:03"}
{"level":"info","message":"Fetching attendance for student: 2daf9448-d7ff-49d4-a233-1c6c12c1963e, startDate: Fri Apr 11 2025 01:00:00 GMT+0100 (British Summer Time), endDate: Fri Apr 11 2025 01:00:00 GMT+0100 (British Summer Time)","module":"export-service","service":"attendance-export","timestamp":"2025-04-11 09:59:26"}
{"level":"info","message":"Filtering by studentId: 2daf9448-d7ff-49d4-a233-1c6c12c1963e","module":"export-service","service":"attendance-export","timestamp":"2025-04-11 09:59:26"}
{"level":"info","message":"Start date filter: Fri Apr 11 2025 01:00:00 GMT+0100 (British Summer Time)","module":"export-service","service":"attendance-export","timestamp":"2025-04-11 09:59:26"}
{"level":"info","message":"End date filter: Fri Apr 11 2025 01:00:00 GMT+0100 (British Summer Time)","module":"export-service","service":"attendance-export","timestamp":"2025-04-11 09:59:26"}
{"level":"info","message":"MongoDB query: {\"studentId\":\"2daf9448-d7ff-49d4-a233-1c6c12c1963e\",\"date\":{\"$gte\":\"2025-04-11T00:00:00.000Z\",\"$lte\":\"2025-04-11T00:00:00.000Z\"}}","module":"export-service","service":"attendance-export","timestamp":"2025-04-11 09:59:26"}
{"level":"info","message":"Found 0 records matching query","module":"export-service","service":"attendance-export","timestamp":"2025-04-11 09:59:26"}
{"level":"info","message":"No records found with exact studentId: 2daf9448-d7ff-49d4-a233-1c6c12c1963e. Checking all records...","module":"export-service","service":"attendance-export","timestamp":"2025-04-11 09:59:26"}
{"level":"info","message":"Available studentIds in database: [\"2daf9448-d7ff-49d4-a233-1c6c12c1963e\",\"35b3288e-500b-4297-9283-bf26318d5aef\",\"4c7ccda7-6807-446b-a5ee-831ae4c8c2a3\",\"9d28aec8-e6ab-4f34-a525-d1e088adc0a0\",\"d1588a42-e07d-4b78-afa2-dd2cdff33b80\"]","module":"export-service","service":"attendance-export","timestamp":"2025-04-11 09:59:26"}
{"level":"info","message":"Using fallback studentId: 2daf9448-d7ff-49d4-a233-1c6c12c1963e","module":"export-service","service":"attendance-export","timestamp":"2025-04-11 09:59:26"}
{"level":"info","message":"Sample record: {\"_id\":\"67f8484bb49c52c39a16c3b2\",\"originalId\":\"2bf64fdb-3029-44b1-9937-a09405724809\",\"__v\":0,\"checkInTime\":\"2025-04-10T22:10:49.106Z\",\"className\":\"Yllka 1\",\"createdAt\":\"2025-04-10T22:38:03.090Z\",\"date\":\"2025-04-10T00:00:00.000Z\",\"endTime\":\"10:00:00\",\"lastSyncedAt\":\"2025-04-10T22:38:03.090Z\",\"registerId\":\"914dad75-dcd2-451f-a0c4-8e19c3933c21\",\"startTime\":\"09:00:00\",\"status\":\"late\",\"studentId\":\"2daf9448-d7ff-49d4-a233-1c6c12c1963e\",\"studentName\":\"Emily Brown\",\"studentNumber\":\"STU004\",\"syncSource\":\"main-app\",\"updatedAt\":\"2025-04-10T22:38:03.090Z\"}","module":"export-service","service":"attendance-export","timestamp":"2025-04-11 09:59:26"}
{"level":"info","message":"Retrieved 0 attendance records","module":"export-service","service":"attendance-export","timestamp":"2025-04-11 09:59:26"}
{"level":"info","message":"Export job d527db44-2c0c-4a9d-8f51-3516ee02582d completed successfully","module":"export-service","service":"attendance-export","timestamp":"2025-04-11 09:59:26"}
{"level":"info","message":"Connected to MongoDB","module":"app","service":"attendance-export","timestamp":"2025-04-11 10:01:02"}
{"level":"info","message":"Attendance Export Service running on port 4500","module":"app","service":"attendance-export","timestamp":"2025-04-11 10:01:02"}
{"level":"info","message":"Connected to MongoDB","module":"app","service":"attendance-export","timestamp":"2025-04-11 12:24:22"}
{"level":"info","message":"Attendance Export Service running on port 4500","module":"app","service":"attendance-export","timestamp":"2025-04-11 12:24:22"}
{"level":"info","message":"Connected to MongoDB","module":"app","service":"attendance-export","timestamp":"2025-04-11 12:38:26"}
{"level":"info","message":"Attendance Export Service running on port 4500","module":"app","service":"attendance-export","timestamp":"2025-04-11 12:38:26"}
{"level":"info","message":"Connected to MongoDB","module":"app","service":"attendance-export","timestamp":"2025-04-11 12:38:35"}
{"level":"info","message":"Attendance Export Service running on port 4500","module":"app","service":"attendance-export","timestamp":"2025-04-11 12:38:35"}
{"level":"info","message":"Connected to MongoDB","module":"app","service":"attendance-export","timestamp":"2025-04-11 12:45:31"}
{"level":"info","message":"Attendance Export Service running on port 4500","module":"app","service":"attendance-export","timestamp":"2025-04-11 12:45:31"}
{"level":"info","message":"Connected to MongoDB","module":"app","service":"attendance-export","timestamp":"2025-04-11 12:45:38"}
{"level":"info","message":"Attendance Export Service running on port 4500","module":"app","service":"attendance-export","timestamp":"2025-04-11 12:45:38"}
{"level":"info","message":"Connected to MongoDB","module":"app","service":"attendance-export","timestamp":"2025-04-11 12:45:41"}
{"level":"info","message":"Attendance Export Service running on port 4500","module":"app","service":"attendance-export","timestamp":"2025-04-11 12:45:41"}
{"level":"info","message":"Connected to MongoDB","module":"app","service":"attendance-export","timestamp":"2025-04-11 12:45:43"}
{"level":"info","message":"Attendance Export Service running on port 4500","module":"app","service":"attendance-export","timestamp":"2025-04-11 12:45:43"}
{"level":"info","message":"Connected to MongoDB","module":"app","service":"attendance-export","timestamp":"2025-04-11 12:45:44"}
{"level":"info","message":"Attendance Export Service running on port 4500","module":"app","service":"attendance-export","timestamp":"2025-04-11 12:45:44"}
{"level":"info","message":"Connected to MongoDB","module":"app","service":"attendance-export","timestamp":"2025-04-11 12:45:46"}
{"level":"info","message":"Attendance Export Service running on port 4500","module":"app","service":"attendance-export","timestamp":"2025-04-11 12:45:46"}
{"level":"info","message":"Connected to MongoDB","module":"app","service":"attendance-export","timestamp":"2025-04-11 12:45:48"}
{"level":"info","message":"Attendance Export Service running on port 4500","module":"app","service":"attendance-export","timestamp":"2025-04-11 12:45:48"}
{"level":"info","message":"Connected to MongoDB","module":"app","service":"attendance-export","timestamp":"2025-04-11 12:49:52"}
{"level":"info","message":"Attendance Export Service running on port 4500","module":"app","service":"attendance-export","timestamp":"2025-04-11 12:49:52"}
{"level":"info","message":"Connected to MongoDB","module":"sync-script","service":"attendance-export","timestamp":"2025-04-12 23:28:22"}
{"level":"info","message":"Starting incremental sync","module":"sync-service","service":"attendance-export","timestamp":"2025-04-12 23:28:22"}
{"level":"info","message":"Starting incremental sync","module":"sync-script","service":"attendance-export","timestamp":"2025-04-12 23:28:22"}
{"level":"info","message":"Last sync: 1970-01-01T00:00:00.000Z","module":"sync-service","service":"attendance-export","timestamp":"2025-04-12 23:28:22"}
{"level":"info","message":"Received 3 updated records since last sync","module":"sync-service","service":"attendance-export","timestamp":"2025-04-12 23:28:22"}
{"level":"info","message":"Incremental sync processed 3 records. Upserted: 3, Modified: 0","module":"sync-service","service":"attendance-export","timestamp":"2025-04-12 23:28:22"}
{"endTime":"2025-04-12T21:28:22.295Z","level":"info","message":"Incremental sync completed","module":"sync-script","recordsProcessed":3,"service":"attendance-export","startTime":"2025-04-12T21:28:22.236Z","syncType":"incremental","timestamp":"2025-04-12 23:28:22"}
{"level":"info","message":"Disconnected from MongoDB","module":"sync-script","service":"attendance-export","timestamp":"2025-04-12 23:28:22"}
{"level":"info","message":"Connected to MongoDB","module":"app","service":"attendance-export","timestamp":"2025-04-12 23:28:52"}
{"level":"info","message":"Attendance Export Service running on port 4500","module":"app","service":"attendance-export","timestamp":"2025-04-12 23:28:52"}
{"level":"info","message":"Fetching attendance for student: 98116c47-0624-442e-a25d-5026e0051d6b, startDate: Sat Apr 12 2025 02:00:00 GMT+0200 (Central European Summer Time), endDate: Sat Apr 12 2025 02:00:00 GMT+0200 (Central European Summer Time)","module":"export-service","service":"attendance-export","timestamp":"2025-04-12 23:29:53"}
{"level":"info","message":"Filtering by studentId: 98116c47-0624-442e-a25d-5026e0051d6b","module":"export-service","service":"attendance-export","timestamp":"2025-04-12 23:29:53"}
{"level":"info","message":"Start date filter: Sat Apr 12 2025 02:00:00 GMT+0200 (Central European Summer Time)","module":"export-service","service":"attendance-export","timestamp":"2025-04-12 23:29:53"}
{"level":"info","message":"End date filter: Sat Apr 12 2025 02:00:00 GMT+0200 (Central European Summer Time)","module":"export-service","service":"attendance-export","timestamp":"2025-04-12 23:29:53"}
{"level":"info","message":"MongoDB query: {\"studentId\":\"98116c47-0624-442e-a25d-5026e0051d6b\",\"date\":{\"$gte\":\"2025-04-12T00:00:00.000Z\",\"$lte\":\"2025-04-12T00:00:00.000Z\"}}","module":"export-service","service":"attendance-export","timestamp":"2025-04-12 23:29:53"}
{"level":"info","message":"Found 1 records matching query","module":"export-service","service":"attendance-export","timestamp":"2025-04-12 23:29:53"}
{"level":"info","message":"Retrieved 1 attendance records","module":"export-service","service":"attendance-export","timestamp":"2025-04-12 23:29:53"}
{"level":"info","message":"First record: {\"_id\":\"67fadaf68b1e0ddc7bd7a308\",\"originalId\":\"75c764fe-e71d-4db2-8f37-a29005a93e88\",\"__v\":0,\"checkInTime\":\"2025-04-12T21:25:14.977Z\",\"className\":\"Math\",\"createdAt\":\"2025-04-12T21:28:22.236Z\",\"date\":\"2025-04-12T00:00:00.000Z\",\"endTime\":\"10:00:00\",\"lastSyncedAt\":\"2025-04-12T21:28:22.236Z\",\"registerId\":\"b91c1c6c-8c85-41b4-975e-9f5c9fd85e9e\",\"startTime\":\"09:00:00\",\"status\":\"late\",\"studentId\":\"98116c47-0624-442e-a25d-5026e0051d6b\",\"studentName\":\"Emily Brown\",\"studentNumber\":\"STU004\",\"syncSource\":\"main-app\",\"updatedAt\":\"2025-04-12T21:28:22.236Z\"}","module":"export-service","service":"attendance-export","timestamp":"2025-04-12 23:29:53"}
{"level":"info","message":"Export job e12ed24f-0f8e-4f4a-b172-37c88b8ea765 completed successfully","module":"export-service","service":"attendance-export","timestamp":"2025-04-12 23:29:53"}
{"level":"info","message":"Fetching attendance for student: ba480929-db54-4821-823d-da8d9bc46006, startDate: Sat Apr 12 2025 02:00:00 GMT+0200 (Central European Summer Time), endDate: Sat Apr 12 2025 02:00:00 GMT+0200 (Central European Summer Time)","module":"export-service","service":"attendance-export","timestamp":"2025-04-12 23:43:45"}
{"level":"info","message":"Filtering by studentId: ba480929-db54-4821-823d-da8d9bc46006","module":"export-service","service":"attendance-export","timestamp":"2025-04-12 23:43:45"}
{"level":"info","message":"Start date filter: Sat Apr 12 2025 02:00:00 GMT+0200 (Central European Summer Time)","module":"export-service","service":"attendance-export","timestamp":"2025-04-12 23:43:45"}
{"level":"info","message":"End date filter: Sat Apr 12 2025 02:00:00 GMT+0200 (Central European Summer Time)","module":"export-service","service":"attendance-export","timestamp":"2025-04-12 23:43:45"}
{"level":"info","message":"MongoDB query: {\"studentId\":\"ba480929-db54-4821-823d-da8d9bc46006\",\"date\":{\"$gte\":\"2025-04-12T00:00:00.000Z\",\"$lte\":\"2025-04-12T00:00:00.000Z\"}}","module":"export-service","service":"attendance-export","timestamp":"2025-04-12 23:43:45"}
{"level":"info","message":"Found 1 records matching query","module":"export-service","service":"attendance-export","timestamp":"2025-04-12 23:43:45"}
{"level":"info","message":"Retrieved 1 attendance records","module":"export-service","service":"attendance-export","timestamp":"2025-04-12 23:43:45"}
{"level":"info","message":"First record: {\"_id\":\"67fadaf68b1e0ddc7bd7a309\",\"originalId\":\"39fd17f6-ea21-4a4f-b2b9-0719b24554b2\",\"__v\":0,\"checkInTime\":\"2025-04-12T21:25:23.998Z\",\"className\":\"Math\",\"createdAt\":\"2025-04-12T21:28:22.236Z\",\"date\":\"2025-04-12T00:00:00.000Z\",\"endTime\":\"10:00:00\",\"lastSyncedAt\":\"2025-04-12T21:28:22.236Z\",\"registerId\":\"b91c1c6c-8c85-41b4-975e-9f5c9fd85e9e\",\"startTime\":\"09:00:00\",\"status\":\"late\",\"studentId\":\"ba480929-db54-4821-823d-da8d9bc46006\",\"studentName\":\"David Wilson\",\"studentNumber\":\"STU005\",\"syncSource\":\"main-app\",\"updatedAt\":\"2025-04-12T21:28:22.236Z\"}","module":"export-service","service":"attendance-export","timestamp":"2025-04-12 23:43:45"}
{"level":"info","message":"Export job cb40807c-9741-4741-9ae7-047e6ee20e44 completed successfully","module":"export-service","service":"attendance-export","timestamp":"2025-04-12 23:43:45"}
{"level":"info","message":"Fetching attendance for student: 98116c47-0624-442e-a25d-5026e0051d6b, startDate: Mon Apr 14 2025 02:00:00 GMT+0200 (Central European Summer Time), endDate: Mon Apr 14 2025 02:00:00 GMT+0200 (Central European Summer Time)","module":"export-service","service":"attendance-export","timestamp":"2025-04-14 11:42:36"}
{"level":"info","message":"Filtering by studentId: 98116c47-0624-442e-a25d-5026e0051d6b","module":"export-service","service":"attendance-export","timestamp":"2025-04-14 11:42:37"}
{"level":"info","message":"Start date filter: Mon Apr 14 2025 02:00:00 GMT+0200 (Central European Summer Time)","module":"export-service","service":"attendance-export","timestamp":"2025-04-14 11:42:37"}
{"level":"info","message":"End date filter: Mon Apr 14 2025 02:00:00 GMT+0200 (Central European Summer Time)","module":"export-service","service":"attendance-export","timestamp":"2025-04-14 11:42:37"}
{"level":"info","message":"MongoDB query: {\"studentId\":\"98116c47-0624-442e-a25d-5026e0051d6b\",\"date\":{\"$gte\":\"2025-04-14T00:00:00.000Z\",\"$lte\":\"2025-04-14T00:00:00.000Z\"}}","module":"export-service","service":"attendance-export","timestamp":"2025-04-14 11:42:37"}
{"level":"info","message":"Found 0 records matching query","module":"export-service","service":"attendance-export","timestamp":"2025-04-14 11:42:37"}
{"level":"info","message":"No records found with exact studentId: 98116c47-0624-442e-a25d-5026e0051d6b. Checking all records...","module":"export-service","service":"attendance-export","timestamp":"2025-04-14 11:42:37"}
{"level":"info","message":"Available studentIds in database: [\"98116c47-0624-442e-a25d-5026e0051d6b\",\"ba480929-db54-4821-823d-da8d9bc46006\",\"bab7c4ba-4b3d-4fc4-81cd-d2c0a1450e7f\"]","module":"export-service","service":"attendance-export","timestamp":"2025-04-14 11:42:37"}
{"level":"info","message":"Using fallback studentId: 98116c47-0624-442e-a25d-5026e0051d6b","module":"export-service","service":"attendance-export","timestamp":"2025-04-14 11:42:37"}
{"level":"info","message":"Sample record: {\"_id\":\"67fadaf68b1e0ddc7bd7a308\",\"originalId\":\"75c764fe-e71d-4db2-8f37-a29005a93e88\",\"__v\":0,\"checkInTime\":\"2025-04-12T21:25:14.977Z\",\"className\":\"Math\",\"createdAt\":\"2025-04-12T21:28:22.236Z\",\"date\":\"2025-04-12T00:00:00.000Z\",\"endTime\":\"10:00:00\",\"lastSyncedAt\":\"2025-04-12T21:28:22.236Z\",\"registerId\":\"b91c1c6c-8c85-41b4-975e-9f5c9fd85e9e\",\"startTime\":\"09:00:00\",\"status\":\"late\",\"studentId\":\"98116c47-0624-442e-a25d-5026e0051d6b\",\"studentName\":\"Emily Brown\",\"studentNumber\":\"STU004\",\"syncSource\":\"main-app\",\"updatedAt\":\"2025-04-12T21:28:22.236Z\"}","module":"export-service","service":"attendance-export","timestamp":"2025-04-14 11:42:37"}
{"level":"info","message":"Retrieved 0 attendance records","module":"export-service","service":"attendance-export","timestamp":"2025-04-14 11:42:37"}
{"level":"info","message":"Export job 80dbd123-11fe-42f6-86a9-11ec3b70ca69 completed successfully","module":"export-service","service":"attendance-export","timestamp":"2025-04-14 11:42:37"}
{"level":"info","message":"Fetching attendance for student: 7b767c97-892a-40db-84b0-793d617c556e, startDate: Mon Apr 14 2025 02:00:00 GMT+0200 (Central European Summer Time), endDate: Mon Apr 14 2025 02:00:00 GMT+0200 (Central European Summer Time)","module":"export-service","service":"attendance-export","timestamp":"2025-04-14 12:36:39"}
{"level":"info","message":"Filtering by studentId: 7b767c97-892a-40db-84b0-793d617c556e","module":"export-service","service":"attendance-export","timestamp":"2025-04-14 12:36:39"}
{"level":"info","message":"Start date filter: Mon Apr 14 2025 02:00:00 GMT+0200 (Central European Summer Time)","module":"export-service","service":"attendance-export","timestamp":"2025-04-14 12:36:39"}
{"level":"info","message":"End date filter: Mon Apr 14 2025 02:00:00 GMT+0200 (Central European Summer Time)","module":"export-service","service":"attendance-export","timestamp":"2025-04-14 12:36:39"}
{"level":"info","message":"MongoDB query: {\"studentId\":\"7b767c97-892a-40db-84b0-793d617c556e\",\"date\":{\"$gte\":\"2025-04-14T00:00:00.000Z\",\"$lte\":\"2025-04-14T00:00:00.000Z\"}}","module":"export-service","service":"attendance-export","timestamp":"2025-04-14 12:36:39"}
{"level":"info","message":"Found 0 records matching query","module":"export-service","service":"attendance-export","timestamp":"2025-04-14 12:36:39"}
{"level":"info","message":"No records found with exact studentId: 7b767c97-892a-40db-84b0-793d617c556e. Checking all records...","module":"export-service","service":"attendance-export","timestamp":"2025-04-14 12:36:39"}
{"level":"info","message":"Available studentIds in database: [\"98116c47-0624-442e-a25d-5026e0051d6b\",\"ba480929-db54-4821-823d-da8d9bc46006\",\"bab7c4ba-4b3d-4fc4-81cd-d2c0a1450e7f\"]","module":"export-service","service":"attendance-export","timestamp":"2025-04-14 12:36:39"}
{"level":"info","message":"Using fallback studentId: 98116c47-0624-442e-a25d-5026e0051d6b","module":"export-service","service":"attendance-export","timestamp":"2025-04-14 12:36:39"}
{"level":"info","message":"Sample record: {\"_id\":\"67fadaf68b1e0ddc7bd7a308\",\"originalId\":\"75c764fe-e71d-4db2-8f37-a29005a93e88\",\"__v\":0,\"checkInTime\":\"2025-04-12T21:25:14.977Z\",\"className\":\"Math\",\"createdAt\":\"2025-04-12T21:28:22.236Z\",\"date\":\"2025-04-12T00:00:00.000Z\",\"endTime\":\"10:00:00\",\"lastSyncedAt\":\"2025-04-12T21:28:22.236Z\",\"registerId\":\"b91c1c6c-8c85-41b4-975e-9f5c9fd85e9e\",\"startTime\":\"09:00:00\",\"status\":\"late\",\"studentId\":\"98116c47-0624-442e-a25d-5026e0051d6b\",\"studentName\":\"Emily Brown\",\"studentNumber\":\"STU004\",\"syncSource\":\"main-app\",\"updatedAt\":\"2025-04-12T21:28:22.236Z\"}","module":"export-service","service":"attendance-export","timestamp":"2025-04-14 12:36:39"}
{"level":"info","message":"Retrieved 0 attendance records","module":"export-service","service":"attendance-export","timestamp":"2025-04-14 12:36:39"}
{"level":"info","message":"Export job d278353d-c7f9-49ae-9668-18b0c60607b4 completed successfully","module":"export-service","service":"attendance-export","timestamp":"2025-04-14 12:36:39"}
{"level":"info","message":"Fetching attendance for student: ba480929-db54-4821-823d-da8d9bc46006, startDate: Mon Apr 21 2025 02:00:00 GMT+0200 (Central European Summer Time), endDate: Mon Apr 21 2025 02:00:00 GMT+0200 (Central European Summer Time)","module":"export-service","service":"attendance-export","timestamp":"2025-04-21 19:42:06"}
{"level":"info","message":"Filtering by studentId: ba480929-db54-4821-823d-da8d9bc46006","module":"export-service","service":"attendance-export","timestamp":"2025-04-21 19:42:06"}
{"level":"info","message":"Start date filter: Mon Apr 21 2025 02:00:00 GMT+0200 (Central European Summer Time)","module":"export-service","service":"attendance-export","timestamp":"2025-04-21 19:42:06"}
{"level":"info","message":"End date filter: Mon Apr 21 2025 02:00:00 GMT+0200 (Central European Summer Time)","module":"export-service","service":"attendance-export","timestamp":"2025-04-21 19:42:06"}
{"level":"info","message":"MongoDB query: {\"studentId\":\"ba480929-db54-4821-823d-da8d9bc46006\",\"date\":{\"$gte\":\"2025-04-21T00:00:00.000Z\",\"$lte\":\"2025-04-21T00:00:00.000Z\"}}","module":"export-service","service":"attendance-export","timestamp":"2025-04-21 19:42:06"}
{"level":"info","message":"Found 0 records matching query","module":"export-service","service":"attendance-export","timestamp":"2025-04-21 19:42:06"}
{"level":"info","message":"No records found with exact studentId: ba480929-db54-4821-823d-da8d9bc46006. Checking all records...","module":"export-service","service":"attendance-export","timestamp":"2025-04-21 19:42:06"}
{"level":"info","message":"Available studentIds in database: [\"98116c47-0624-442e-a25d-5026e0051d6b\",\"ba480929-db54-4821-823d-da8d9bc46006\",\"bab7c4ba-4b3d-4fc4-81cd-d2c0a1450e7f\"]","module":"export-service","service":"attendance-export","timestamp":"2025-04-21 19:42:06"}
{"level":"info","message":"Using fallback studentId: 98116c47-0624-442e-a25d-5026e0051d6b","module":"export-service","service":"attendance-export","timestamp":"2025-04-21 19:42:06"}
{"level":"info","message":"Sample record: {\"_id\":\"67fadaf68b1e0ddc7bd7a308\",\"originalId\":\"75c764fe-e71d-4db2-8f37-a29005a93e88\",\"__v\":0,\"checkInTime\":\"2025-04-12T21:25:14.977Z\",\"className\":\"Math\",\"createdAt\":\"2025-04-12T21:28:22.236Z\",\"date\":\"2025-04-12T00:00:00.000Z\",\"endTime\":\"10:00:00\",\"lastSyncedAt\":\"2025-04-12T21:28:22.236Z\",\"registerId\":\"b91c1c6c-8c85-41b4-975e-9f5c9fd85e9e\",\"startTime\":\"09:00:00\",\"status\":\"late\",\"studentId\":\"98116c47-0624-442e-a25d-5026e0051d6b\",\"studentName\":\"Emily Brown\",\"studentNumber\":\"STU004\",\"syncSource\":\"main-app\",\"updatedAt\":\"2025-04-12T21:28:22.236Z\"}","module":"export-service","service":"attendance-export","timestamp":"2025-04-21 19:42:06"}
{"level":"info","message":"Retrieved 0 attendance records","module":"export-service","service":"attendance-export","timestamp":"2025-04-21 19:42:06"}
{"level":"info","message":"Export job dbd8fa1e-7ebd-403b-8412-9331d19adaa2 completed successfully","module":"export-service","service":"attendance-export","timestamp":"2025-04-21 19:42:06"}
{"level":"info","message":"Connected to MongoDB","module":"sync-script","service":"attendance-export","timestamp":"2025-04-22 21:27:10"}
{"level":"info","message":"Starting incremental sync","module":"sync-service","service":"attendance-export","timestamp":"2025-04-22 21:27:10"}
{"level":"info","message":"Starting incremental sync","module":"sync-script","service":"attendance-export","timestamp":"2025-04-22 21:27:10"}
{"level":"info","message":"Last sync: 2025-04-12T21:28:22.295Z","module":"sync-service","service":"attendance-export","timestamp":"2025-04-22 21:27:10"}
{"level":"info","message":"Received 23 updated records since last sync","module":"sync-service","service":"attendance-export","timestamp":"2025-04-22 21:27:10"}
{"level":"info","message":"Incremental sync processed 23 records. Upserted: 23, Modified: 0","module":"sync-service","service":"attendance-export","timestamp":"2025-04-22 21:27:10"}
{"endTime":"2025-04-22T19:27:10.727Z","level":"info","message":"Incremental sync completed","module":"sync-script","recordsProcessed":23,"service":"attendance-export","startTime":"2025-04-22T19:27:10.595Z","syncType":"incremental","timestamp":"2025-04-22 21:27:10"}
{"level":"info","message":"Disconnected from MongoDB","module":"sync-script","service":"attendance-export","timestamp":"2025-04-22 21:27:10"}
{"level":"info","message":"Connected to MongoDB","module":"sync-script","service":"attendance-export","timestamp":"2025-04-22 21:35:02"}
{"level":"info","message":"Starting incremental sync","module":"sync-service","service":"attendance-export","timestamp":"2025-04-22 21:35:02"}
{"level":"info","message":"Starting incremental sync","module":"sync-script","service":"attendance-export","timestamp":"2025-04-22 21:35:02"}
{"level":"info","message":"Last sync: 2025-04-22T19:27:10.727Z","module":"sync-service","service":"attendance-export","timestamp":"2025-04-22 21:35:02"}
{"level":"info","message":"Received 1 updated records since last sync","module":"sync-service","service":"attendance-export","timestamp":"2025-04-22 21:35:02"}
{"level":"info","message":"Incremental sync processed 1 records. Upserted: 1, Modified: 0","module":"sync-service","service":"attendance-export","timestamp":"2025-04-22 21:35:02"}
{"endTime":"2025-04-22T19:35:02.610Z","level":"info","message":"Incremental sync completed","module":"sync-script","recordsProcessed":1,"service":"attendance-export","startTime":"2025-04-22T19:35:02.601Z","syncType":"incremental","timestamp":"2025-04-22 21:35:02"}
{"level":"info","message":"Disconnected from MongoDB","module":"sync-script","service":"attendance-export","timestamp":"2025-04-22 21:35:02"}
{"level":"info","message":"Connected to MongoDB","module":"app","service":"attendance-export","timestamp":"2025-04-22 21:39:55"}
{"level":"info","message":"Attendance Export Service running on port 4500","module":"app","service":"attendance-export","timestamp":"2025-04-22 21:39:55"}
{"level":"info","message":"Fetching attendance for student: 98116c47-0624-442e-a25d-5026e0051d6b, startDate: Tue Apr 22 2025 02:00:00 GMT+0200 (Central European Summer Time), endDate: Tue Apr 22 2025 02:00:00 GMT+0200 (Central European Summer Time)","module":"export-service","service":"attendance-export","timestamp":"2025-04-22 21:40:26"}
{"level":"info","message":"Filtering by studentId: 98116c47-0624-442e-a25d-5026e0051d6b","module":"export-service","service":"attendance-export","timestamp":"2025-04-22 21:40:26"}
{"level":"info","message":"Start date filter: Tue Apr 22 2025 02:00:00 GMT+0200 (Central European Summer Time)","module":"export-service","service":"attendance-export","timestamp":"2025-04-22 21:40:26"}
{"level":"info","message":"End date filter: Tue Apr 22 2025 02:00:00 GMT+0200 (Central European Summer Time)","module":"export-service","service":"attendance-export","timestamp":"2025-04-22 21:40:26"}
{"level":"info","message":"MongoDB query: {\"studentId\":\"98116c47-0624-442e-a25d-5026e0051d6b\",\"date\":{\"$gte\":\"2025-04-22T00:00:00.000Z\",\"$lte\":\"2025-04-22T00:00:00.000Z\"}}","module":"export-service","service":"attendance-export","timestamp":"2025-04-22 21:40:26"}
{"level":"info","message":"Found 0 records matching query","module":"export-service","service":"attendance-export","timestamp":"2025-04-22 21:40:26"}
{"level":"info","message":"No records found with exact studentId: 98116c47-0624-442e-a25d-5026e0051d6b. Checking all records...","module":"export-service","service":"attendance-export","timestamp":"2025-04-22 21:40:26"}
{"level":"info","message":"Available studentIds in database: [\"32958085-46bf-4ac2-adb7-298d8a463e2c\",\"7b767c97-892a-40db-84b0-793d617c556e\",\"98116c47-0624-442e-a25d-5026e0051d6b\",\"b4105913-f971-4275-926d-7940002b33d1\",\"ba480929-db54-4821-823d-da8d9bc46006\",\"bab7c4ba-4b3d-4fc4-81cd-d2c0a1450e7f\",\"c348f122-7a03-464c-b691-a4c5530c03bb\"]","module":"export-service","service":"attendance-export","timestamp":"2025-04-22 21:40:26"}
{"level":"info","message":"Using fallback studentId: 32958085-46bf-4ac2-adb7-298d8a463e2c","module":"export-service","service":"attendance-export","timestamp":"2025-04-22 21:40:26"}
{"level":"info","message":"Sample record: {\"_id\":\"6807ed8eaef05e02d09eb0d3\",\"originalId\":\"6a61cd2c-5edd-4326-ae5e-b77538735a46\",\"__v\":0,\"checkInTime\":null,\"className\":\"matematik1\",\"createdAt\":\"2025-04-22T19:27:10.596Z\",\"date\":\"2025-04-14T00:00:00.000Z\",\"endTime\":\"14:00:00\",\"lastSyncedAt\":\"2025-04-22T19:27:10.595Z\",\"registerId\":\"622aec81-fd6d-46f6-890f-a168b16a9fae\",\"startTime\":\"13:00:00\",\"status\":\"absent\",\"studentId\":\"32958085-46bf-4ac2-adb7-298d8a463e2c\",\"studentName\":\"ariana avdiu\",\"studentNumber\":\"13131313\",\"syncSource\":\"main-app\",\"updatedAt\":\"2025-04-22T19:27:10.596Z\"}","module":"export-service","service":"attendance-export","timestamp":"2025-04-22 21:40:26"}
{"level":"info","message":"Retrieved 1 attendance records","module":"export-service","service":"attendance-export","timestamp":"2025-04-22 21:40:26"}
{"level":"info","message":"First record: {\"_id\":\"6807ef66aef05e02d09eb0dd\",\"originalId\":\"8da2604f-8b25-4d47-807d-4eb930d73b10\",\"__v\":0,\"checkInTime\":null,\"className\":\"Gjuhe qipe\",\"createdAt\":\"2025-04-22T19:35:02.601Z\",\"date\":\"2025-04-22T00:00:00.000Z\",\"endTime\":\"23:00:00\",\"lastSyncedAt\":\"2025-04-22T19:35:02.601Z\",\"registerId\":\"2ffa6e46-ee1f-47c4-bdbf-77f233d6b012\",\"startTime\":\"21:29:00\",\"status\":\"absent\",\"studentId\":\"32958085-46bf-4ac2-adb7-298d8a463e2c\",\"studentName\":\"ariana avdiu\",\"studentNumber\":\"13131313\",\"syncSource\":\"main-app\",\"updatedAt\":\"2025-04-22T19:35:02.601Z\"}","module":"export-service","service":"attendance-export","timestamp":"2025-04-22 21:40:26"}
{"level":"info","message":"Export job b29f8d5b-f5c9-4697-9a02-f2d343e5ba88 completed successfully","module":"export-service","service":"attendance-export","timestamp":"2025-04-22 21:40:26"}
{"level":"info","message":"Connected to MongoDB","module":"sync-script","service":"attendance-export","timestamp":"2025-04-29 15:05:14"}
{"level":"info","message":"Starting incremental sync","module":"sync-service","service":"attendance-export","timestamp":"2025-04-29 15:05:14"}
{"level":"info","message":"Starting incremental sync","module":"sync-script","service":"attendance-export","timestamp":"2025-04-29 15:05:14"}
{"level":"info","message":"Last sync: 2025-04-22T19:35:02.610Z","module":"sync-service","service":"attendance-export","timestamp":"2025-04-29 15:05:14"}
{"level":"info","message":"Received 0 updated records since last sync","module":"sync-service","service":"attendance-export","timestamp":"2025-04-29 15:05:14"}
{"level":"info","message":"No new records to process","module":"sync-service","service":"attendance-export","timestamp":"2025-04-29 15:05:14"}
{"endTime":"2025-04-29T13:05:14.219Z","level":"info","message":"Incremental sync completed","module":"sync-script","recordsProcessed":0,"service":"attendance-export","startTime":"2025-04-29T13:05:14.219Z","syncType":"incremental","timestamp":"2025-04-29 15:05:14"}
{"level":"info","message":"Disconnected from MongoDB","module":"sync-script","service":"attendance-export","timestamp":"2025-04-29 15:05:14"}
{"level":"info","message":"Connected to MongoDB","module":"sync-script","service":"attendance-export","timestamp":"2025-05-02 15:58:20"}
{"level":"info","message":"Starting incremental sync","module":"sync-service","service":"attendance-export","timestamp":"2025-05-02 15:58:20"}
{"level":"info","message":"Starting incremental sync","module":"sync-script","service":"attendance-export","timestamp":"2025-05-02 15:58:20"}
{"level":"info","message":"Last sync: 2025-04-29T13:05:14.219Z","module":"sync-service","service":"attendance-export","timestamp":"2025-05-02 15:58:20"}
{"level":"info","message":"Received 5 updated records since last sync","module":"sync-service","service":"attendance-export","timestamp":"2025-05-02 15:58:20"}
{"level":"info","message":"Incremental sync processed 5 records. Upserted: 4, Modified: 1","module":"sync-service","service":"attendance-export","timestamp":"2025-05-02 15:58:20"}
{"endTime":"2025-05-02T13:58:20.625Z","level":"info","message":"Incremental sync completed","module":"sync-script","recordsProcessed":5,"service":"attendance-export","startTime":"2025-05-02T13:58:20.505Z","syncType":"incremental","timestamp":"2025-05-02 15:58:20"}
{"level":"info","message":"Disconnected from MongoDB","module":"sync-script","service":"attendance-export","timestamp":"2025-05-02 15:58:20"}
{"level":"info","message":"Connected to MongoDB","module":"sync-script","service":"attendance-export","timestamp":"2025-05-02 16:43:52"}
{"level":"info","message":"Starting incremental sync","module":"sync-service","service":"attendance-export","timestamp":"2025-05-02 16:43:52"}
{"level":"info","message":"Starting incremental sync","module":"sync-script","service":"attendance-export","timestamp":"2025-05-02 16:43:52"}
{"level":"info","message":"Last sync: 2025-05-02T13:58:20.625Z","module":"sync-service","service":"attendance-export","timestamp":"2025-05-02 16:43:52"}
{"level":"info","message":"Received 4 updated records since last sync","module":"sync-service","service":"attendance-export","timestamp":"2025-05-02 16:43:52"}
{"level":"info","message":"Incremental sync processed 4 records. Upserted: 4, Modified: 0","module":"sync-service","service":"attendance-export","timestamp":"2025-05-02 16:43:52"}
{"endTime":"2025-05-02T14:43:52.350Z","level":"info","message":"Incremental sync completed","module":"sync-script","recordsProcessed":4,"service":"attendance-export","startTime":"2025-05-02T14:43:52.341Z","syncType":"incremental","timestamp":"2025-05-02 16:43:52"}
{"level":"info","message":"Disconnected from MongoDB","module":"sync-script","service":"attendance-export","timestamp":"2025-05-02 16:43:52"}
{"level":"info","message":"Connected to MongoDB","module":"sync-script","service":"attendance-export","timestamp":"2025-05-11 02:36:21"}
{"level":"info","message":"Starting incremental sync","module":"sync-service","service":"attendance-export","timestamp":"2025-05-11 02:36:21"}
{"level":"info","message":"Starting incremental sync","module":"sync-script","service":"attendance-export","timestamp":"2025-05-11 02:36:21"}
{"level":"info","message":"Last sync: 2025-05-02T14:43:52.350Z","module":"sync-service","service":"attendance-export","timestamp":"2025-05-11 02:36:21"}
{"level":"info","message":"Received 0 updated records since last sync","module":"sync-service","service":"attendance-export","timestamp":"2025-05-11 02:36:21"}
{"level":"info","message":"No new records to process","module":"sync-service","service":"attendance-export","timestamp":"2025-05-11 02:36:21"}
{"endTime":"2025-05-11T00:36:21.677Z","level":"info","message":"Incremental sync completed","module":"sync-script","recordsProcessed":0,"service":"attendance-export","startTime":"2025-05-11T00:36:21.676Z","syncType":"incremental","timestamp":"2025-05-11 02:36:21"}
{"level":"info","message":"Disconnected from MongoDB","module":"sync-script","service":"attendance-export","timestamp":"2025-05-11 02:36:21"}
{"level":"info","message":"Connected to MongoDB","module":"sync-script","service":"attendance-export","timestamp":"2025-05-11 22:37:11"}
{"level":"info","message":"Starting incremental sync","module":"sync-service","service":"attendance-export","timestamp":"2025-05-11 22:37:11"}
{"level":"info","message":"Starting incremental sync","module":"sync-script","service":"attendance-export","timestamp":"2025-05-11 22:37:11"}
{"level":"info","message":"Last sync: 2025-05-11T00:36:21.677Z","module":"sync-service","service":"attendance-export","timestamp":"2025-05-11 22:37:12"}
{"level":"info","message":"Received 0 updated records since last sync","module":"sync-service","service":"attendance-export","timestamp":"2025-05-11 22:37:12"}
{"level":"info","message":"No new records to process","module":"sync-service","service":"attendance-export","timestamp":"2025-05-11 22:37:12"}
{"endTime":"2025-05-11T20:37:12.227Z","level":"info","message":"Incremental sync completed","module":"sync-script","recordsProcessed":0,"service":"attendance-export","startTime":"2025-05-11T20:37:12.226Z","syncType":"incremental","timestamp":"2025-05-11 22:37:12"}
{"level":"info","message":"Disconnected from MongoDB","module":"sync-script","service":"attendance-export","timestamp":"2025-05-11 22:37:12"}
